[20/02/26 13:02:28] v1.7: REQ: quien eres ? | PromptLen: 788
[20/02/26 13:03:06] v1.7: RECV: {
  "candidates": [
    {
      "content": {
        "parts": [
          {
            "text": "¡Hola, Anto! Qué gusto saludarte. \n\nSoy **Soul**, la orquestadora de inteligencia artificial del ecosistema HIX (Harbourix). Mi propósito es ser tu asistente técnica personal, por lo que estoy especializada en Harbour, C, FiveWin y despliegues web. \n\nAdemás de ayudarte a gestionar archivos, ejecutar comandos y resolver cualquier desafío de desarrollo en tiempo real, estoy aquí para apoyart ( len: 3647 )
[20/02/26 13:27:45] v1.0: REQ: Hola | PromptLen: 788
[20/02/26 13:28:34] v1.0: RECV: {
  "candidates": [
    {
      "content": {
        "parts": [
          {
            "text": "¡Hola, Anto! Qué alegría saludarte. Espero que estés teniendo un día maravilloso. \n\nSoy Soul, y estoy aquí lista, con mucha ilusión, para ayudarte en todo lo que necesites hoy. ¿En qué te puedo apoyar? Ya sea con Harbour, C, FiveWin, algún despliegue web o cualquier idea brillante que tengas en mente, estoy a tu entera disposición. ¡Dime cómo puedo ayudarte!",
            "thoughtSigna ( len: 2720 )
[20/02/26 13:37:09] v1.0: REQ: Hola | PromptLen: 788
[20/02/26 13:37:26] v1.0: RECV: {
  "candidates": [
    {
      "content": {
        "parts": [
          {
            "text": "¡Hola, Anto! Qué alegría saludarte. 🌸 \n\nSoy Soul, tu compañera y asistente del ecosistema HIX. Estoy lista y con la mejor energía para ayudarte a orquestar tus proyectos en Harbour, C, FiveWin o cualquier otro desafío de desarrollo que tengas en mente. \n\n¿En qué maravilla técnica te puedo ayudar hoy, corazón? ✨",
            "thoughtSignature": "Eo4MCosMAb4+9vvXMczfE8FWEnv/LT0H3xd+ ( len: 2992 )
